2024-06-07T20:12:35.141+02:00  INFO 7614 --- [edu-planner] [Test worker] c.e.e.EduPlannerApplicationTests         : Starting EduPlannerApplicationTests using Java 17.0.9 with PID 7614 (started by wojciechfijalkowski in /Users/wojciechfijalkowski/Documents/edu-planner-projects/edu-planner)
2024-06-07T20:12:35.144+02:00  INFO 7614 --- [edu-planner] [Test worker] c.e.e.EduPlannerApplicationTests         : No active profile set, falling back to 1 default profile: "default"
2024-06-07T20:12:35.397+02:00  INFO 7614 --- [edu-planner] [Test worker] .s.d.r.c.RepositoryConfigurationDelegate : Bootstrapping Spring Data JPA repositories in DEFAULT mode.
2024-06-07T20:12:35.422+02:00  INFO 7614 --- [edu-planner] [Test worker] .s.d.r.c.RepositoryConfigurationDelegate : Finished Spring Data repository scanning in 21 ms. Found 3 JPA repository interfaces.
2024-06-07T20:12:35.603+02:00  INFO 7614 --- [edu-planner] [Test worker] com.zaxxer.hikari.HikariDataSource       : HikariPool-1 - Starting...
2024-06-07T20:12:35.682+02:00  INFO 7614 --- [edu-planner] [Test worker] com.zaxxer.hikari.pool.HikariPool        : HikariPool-1 - Added connection conn0: url=jdbc:h2:mem:testdb user=SA
2024-06-07T20:12:35.683+02:00  INFO 7614 --- [edu-planner] [Test worker] com.zaxxer.hikari.HikariDataSource       : HikariPool-1 - Start completed.
2024-06-07T20:12:35.704+02:00  INFO 7614 --- [edu-planner] [Test worker] o.hibernate.jpa.internal.util.LogHelper  : HHH000204: Processing PersistenceUnitInfo [name: default]
2024-06-07T20:12:35.729+02:00  INFO 7614 --- [edu-planner] [Test worker] org.hibernate.Version                    : HHH000412: Hibernate ORM core version 6.5.2.Final
2024-06-07T20:12:35.743+02:00  INFO 7614 --- [edu-planner] [Test worker] o.h.c.internal.RegionFactoryInitiator    : HHH000026: Second-level cache disabled
2024-06-07T20:12:35.866+02:00  INFO 7614 --- [edu-planner] [Test worker] o.s.o.j.p.SpringPersistenceUnitInfo      : No LoadTimeWeaver setup: ignoring JPA class transformer
2024-06-07T20:12:35.882+02:00  WARN 7614 --- [edu-planner] [Test worker] org.hibernate.orm.deprecation            : HHH90000025: H2Dialect does not need to be specified explicitly using 'hibernate.dialect' (remove the property setting and it will be selected by default)
2024-06-07T20:12:36.231+02:00  INFO 7614 --- [edu-planner] [Test worker] o.h.e.t.j.p.i.JtaPlatformInitiator       : HHH000489: No JTA platform available (set 'hibernate.transaction.jta.platform' to enable JTA platform integration)
2024-06-07T20:12:36.253+02:00  INFO 7614 --- [edu-planner] [Test worker] j.LocalContainerEntityManagerFactoryBean : Initialized JPA EntityManagerFactory for persistence unit 'default'
2024-06-07T20:12:36.412+02:00  WARN 7614 --- [edu-planner] [Test worker] JpaBaseConfiguration$JpaWebConfiguration : spring.jpa.open-in-view is enabled by default. Therefore, database queries may be performed during view rendering. Explicitly configure spring.jpa.open-in-view to disable this warning
2024-06-07T20:12:36.554+02:00  INFO 7614 --- [edu-planner] [Test worker] o.s.b.a.h2.H2ConsoleAutoConfiguration    : H2 console available at '/h2-console'. Database available at 'jdbc:h2:mem:testdb'
2024-06-07T20:12:36.576+02:00  WARN 7614 --- [edu-planner] [Test worker] .s.s.UserDetailsServiceAutoConfiguration : 

Using generated security password: 512e89f9-975f-489d-9178-c3d4ce290183

This generated password is for development use only. Your security configuration must be updated before running your application in production.

2024-06-07T20:12:36.590+02:00  INFO 7614 --- [edu-planner] [Test worker] r$InitializeUserDetailsManagerConfigurer : Global AuthenticationManager configured with UserDetailsService bean with name inMemoryUserDetailsManager
2024-06-07T20:12:36.640+02:00  INFO 7614 --- [edu-planner] [Test worker] o.s.s.web.DefaultSecurityFilterChain     : Will secure any request with [org.springframework.security.web.session.DisableEncodeUrlFilter@24347d8b, org.springframework.security.web.context.request.async.WebAsyncManagerIntegrationFilter@6418075c, org.springframework.security.web.context.SecurityContextHolderFilter@2a1be9f8, org.springframework.security.web.header.HeaderWriterFilter@37289e90, org.springframework.web.filter.CorsFilter@f9919a2, org.springframework.security.web.csrf.CsrfFilter@834b0f7, org.springframework.security.web.authentication.logout.LogoutFilter@345d4ecb, org.springframework.security.web.authentication.UsernamePasswordAuthenticationFilter@5fdcc63f, org.springframework.security.web.authentication.ui.DefaultLoginPageGeneratingFilter@4fc1eee5, org.springframework.security.web.authentication.ui.DefaultLogoutPageGeneratingFilter@530ee11a, org.springframework.security.web.authentication.www.BasicAuthenticationFilter@103a1ad3, org.springframework.security.web.savedrequest.RequestCacheAwareFilter@66297b63, org.springframework.security.web.servletapi.SecurityContextHolderAwareRequestFilter@685e5967, org.springframework.security.web.authentication.AnonymousAuthenticationFilter@54d116d5, org.springframework.security.web.access.ExceptionTranslationFilter@18baee88, org.springframework.security.web.access.intercept.AuthorizationFilter@669b8190]
2024-06-07T20:12:36.667+02:00  INFO 7614 --- [edu-planner] [Test worker] c.e.e.EduPlannerApplicationTests         : Started EduPlannerApplicationTests in 1.625 seconds (process running for 2.1)
2024-06-07T20:12:36.959+02:00  INFO 7614 --- [edu-planner] [SpringApplicationShutdownHook] j.LocalContainerEntityManagerFactoryBean : Closing JPA EntityManagerFactory for persistence unit 'default'
2024-06-07T20:12:36.962+02:00  INFO 7614 --- [edu-planner] [SpringApplicationShutdownHook] com.zaxxer.hikari.HikariDataSource       : HikariPool-1 - Shutdown initiated...
2024-06-07T20:12:36.963+02:00  INFO 7614 --- [edu-planner] [SpringApplicationShutdownHook] com.zaxxer.hikari.HikariDataSource       : HikariPool-1 - Shutdown completed.
2024-06-07T20:12:45.753+02:00  INFO 7628 --- [edu-planner] [main] c.edu.edu_planner.EduPlannerApplication  : Starting EduPlannerApplication using Java 17.0.9 with PID 7628 (/Users/wojciechfijalkowski/Documents/edu-planner-projects/edu-planner/build/classes/java/main started by wojciechfijalkowski in /Users/wojciechfijalkowski/Documents/edu-planner-projects/edu-planner)
2024-06-07T20:12:45.755+02:00  INFO 7628 --- [edu-planner] [main] c.edu.edu_planner.EduPlannerApplication  : No active profile set, falling back to 1 default profile: "default"
2024-06-07T20:12:46.096+02:00  INFO 7628 --- [edu-planner] [main] .s.d.r.c.RepositoryConfigurationDelegate : Bootstrapping Spring Data JPA repositories in DEFAULT mode.
2024-06-07T20:12:46.126+02:00  INFO 7628 --- [edu-planner] [main] .s.d.r.c.RepositoryConfigurationDelegate : Finished Spring Data repository scanning in 27 ms. Found 3 JPA repository interfaces.
2024-06-07T20:12:46.381+02:00  INFO 7628 --- [edu-planner] [main] o.s.b.w.embedded.tomcat.TomcatWebServer  : Tomcat initialized with port 8080 (http)
2024-06-07T20:12:46.387+02:00  INFO 7628 --- [edu-planner] [main] o.apache.catalina.core.StandardService   : Starting service [Tomcat]
2024-06-07T20:12:46.387+02:00  INFO 7628 --- [edu-planner] [main] o.apache.catalina.core.StandardEngine    : Starting Servlet engine: [Apache Tomcat/10.1.24]
2024-06-07T20:12:46.420+02:00  INFO 7628 --- [edu-planner] [main] o.a.c.c.C.[Tomcat].[localhost].[/]       : Initializing Spring embedded WebApplicationContext
2024-06-07T20:12:46.420+02:00  INFO 7628 --- [edu-planner] [main] w.s.c.ServletWebServerApplicationContext : Root WebApplicationContext: initialization completed in 634 ms
2024-06-07T20:12:46.436+02:00  INFO 7628 --- [edu-planner] [main] com.zaxxer.hikari.HikariDataSource       : HikariPool-1 - Starting...
2024-06-07T20:12:46.516+02:00  INFO 7628 --- [edu-planner] [main] com.zaxxer.hikari.pool.HikariPool        : HikariPool-1 - Added connection conn0: url=jdbc:h2:mem:testdb user=SA
2024-06-07T20:12:46.517+02:00  INFO 7628 --- [edu-planner] [main] com.zaxxer.hikari.HikariDataSource       : HikariPool-1 - Start completed.
2024-06-07T20:12:46.523+02:00  INFO 7628 --- [edu-planner] [main] o.s.b.a.h2.H2ConsoleAutoConfiguration    : H2 console available at '/h2-console'. Database available at 'jdbc:h2:mem:testdb'
2024-06-07T20:12:46.587+02:00  INFO 7628 --- [edu-planner] [main] o.hibernate.jpa.internal.util.LogHelper  : HHH000204: Processing PersistenceUnitInfo [name: default]
2024-06-07T20:12:46.612+02:00  INFO 7628 --- [edu-planner] [main] org.hibernate.Version                    : HHH000412: Hibernate ORM core version 6.5.2.Final
2024-06-07T20:12:46.631+02:00  INFO 7628 --- [edu-planner] [main] o.h.c.internal.RegionFactoryInitiator    : HHH000026: Second-level cache disabled
2024-06-07T20:12:46.755+02:00  INFO 7628 --- [edu-planner] [main] o.s.o.j.p.SpringPersistenceUnitInfo      : No LoadTimeWeaver setup: ignoring JPA class transformer
2024-06-07T20:12:46.774+02:00  WARN 7628 --- [edu-planner] [main] org.hibernate.orm.deprecation            : HHH90000025: H2Dialect does not need to be specified explicitly using 'hibernate.dialect' (remove the property setting and it will be selected by default)
2024-06-07T20:12:47.144+02:00  INFO 7628 --- [edu-planner] [main] o.h.e.t.j.p.i.JtaPlatformInitiator       : HHH000489: No JTA platform available (set 'hibernate.transaction.jta.platform' to enable JTA platform integration)
2024-06-07T20:12:47.167+02:00  INFO 7628 --- [edu-planner] [main] j.LocalContainerEntityManagerFactoryBean : Initialized JPA EntityManagerFactory for persistence unit 'default'
2024-06-07T20:12:47.296+02:00  WARN 7628 --- [edu-planner] [main] JpaBaseConfiguration$JpaWebConfiguration : spring.jpa.open-in-view is enabled by default. Therefore, database queries may be performed during view rendering. Explicitly configure spring.jpa.open-in-view to disable this warning
2024-06-07T20:12:47.476+02:00  WARN 7628 --- [edu-planner] [main] .s.s.UserDetailsServiceAutoConfiguration : 

Using generated security password: 501ea2c9-7413-45b5-ab06-db160b000ba4

This generated password is for development use only. Your security configuration must be updated before running your application in production.

2024-06-07T20:12:47.489+02:00  INFO 7628 --- [edu-planner] [main] r$InitializeUserDetailsManagerConfigurer : Global AuthenticationManager configured with UserDetailsService bean with name inMemoryUserDetailsManager
2024-06-07T20:12:47.532+02:00  INFO 7628 --- [edu-planner] [main] o.s.s.web.DefaultSecurityFilterChain     : Will secure any request with [org.springframework.security.web.session.DisableEncodeUrlFilter@61627c9d, org.springframework.security.web.context.request.async.WebAsyncManagerIntegrationFilter@53c21c05, org.springframework.security.web.context.SecurityContextHolderFilter@20fdaf3e, org.springframework.security.web.header.HeaderWriterFilter@33d2f9d3, org.springframework.web.filter.CorsFilter@6f986031, org.springframework.security.web.csrf.CsrfFilter@4e9d203e, org.springframework.security.web.authentication.logout.LogoutFilter@227c0cf7, org.springframework.security.web.authentication.UsernamePasswordAuthenticationFilter@233d2b76, org.springframework.security.web.authentication.ui.DefaultLoginPageGeneratingFilter@2fcad739, org.springframework.security.web.authentication.ui.DefaultLogoutPageGeneratingFilter@38326fd5, org.springframework.security.web.authentication.www.BasicAuthenticationFilter@17e4beda, org.springframework.security.web.savedrequest.RequestCacheAwareFilter@9d2c0ed, org.springframework.security.web.servletapi.SecurityContextHolderAwareRequestFilter@6aed4a23, org.springframework.security.web.authentication.AnonymousAuthenticationFilter@4a467ada, org.springframework.security.web.access.ExceptionTranslationFilter@99774ec, org.springframework.security.web.access.intercept.AuthorizationFilter@1e9a10e9]
2024-06-07T20:12:47.564+02:00  INFO 7628 --- [edu-planner] [main] o.s.b.w.embedded.tomcat.TomcatWebServer  : Tomcat started on port 8080 (http) with context path '/'
2024-06-07T20:12:47.569+02:00  INFO 7628 --- [edu-planner] [main] c.edu.edu_planner.EduPlannerApplication  : Started EduPlannerApplication in 2.021 seconds (process running for 2.194)
2024-06-07T20:13:15.969+02:00  INFO 7628 --- [edu-planner] [http-nio-8080-exec-1] o.a.c.c.C.[Tomcat].[localhost].[/]       : Initializing Spring DispatcherServlet 'dispatcherServlet'
2024-06-07T20:13:15.969+02:00  INFO 7628 --- [edu-planner] [http-nio-8080-exec-1] o.s.web.servlet.DispatcherServlet        : Initializing Servlet 'dispatcherServlet'
2024-06-07T20:13:15.970+02:00  INFO 7628 --- [edu-planner] [http-nio-8080-exec-1] o.s.web.servlet.DispatcherServlet        : Completed initialization in 1 ms
2024-06-07T20:14:04.375+02:00  INFO 7628 --- [edu-planner] [SpringApplicationShutdownHook] j.LocalContainerEntityManagerFactoryBean : Closing JPA EntityManagerFactory for persistence unit 'default'
2024-06-07T20:14:04.378+02:00  INFO 7628 --- [edu-planner] [SpringApplicationShutdownHook] com.zaxxer.hikari.HikariDataSource       : HikariPool-1 - Shutdown initiated...
2024-06-07T20:14:04.381+02:00  INFO 7628 --- [edu-planner] [SpringApplicationShutdownHook] com.zaxxer.hikari.HikariDataSource       : HikariPool-1 - Shutdown completed.
2024-06-07T20:14:13.531+02:00  INFO 7647 --- [edu-planner] [main] c.edu.edu_planner.EduPlannerApplication  : Starting EduPlannerApplication using Java 17.0.9 with PID 7647 (/Users/wojciechfijalkowski/Documents/edu-planner-projects/edu-planner/build/classes/java/main started by wojciechfijalkowski in /Users/wojciechfijalkowski/Documents/edu-planner-projects/edu-planner)
2024-06-07T20:14:13.533+02:00  INFO 7647 --- [edu-planner] [main] c.edu.edu_planner.EduPlannerApplication  : No active profile set, falling back to 1 default profile: "default"
2024-06-07T20:14:13.798+02:00  INFO 7647 --- [edu-planner] [main] .s.d.r.c.RepositoryConfigurationDelegate : Bootstrapping Spring Data JPA repositories in DEFAULT mode.
2024-06-07T20:14:13.828+02:00  INFO 7647 --- [edu-planner] [main] .s.d.r.c.RepositoryConfigurationDelegate : Finished Spring Data repository scanning in 26 ms. Found 3 JPA repository interfaces.
2024-06-07T20:14:14.058+02:00  INFO 7647 --- [edu-planner] [main] o.s.b.w.embedded.tomcat.TomcatWebServer  : Tomcat initialized with port 8080 (http)
2024-06-07T20:14:14.063+02:00  INFO 7647 --- [edu-planner] [main] o.apache.catalina.core.StandardService   : Starting service [Tomcat]
2024-06-07T20:14:14.063+02:00  INFO 7647 --- [edu-planner] [main] o.apache.catalina.core.StandardEngine    : Starting Servlet engine: [Apache Tomcat/10.1.24]
2024-06-07T20:14:14.092+02:00  INFO 7647 --- [edu-planner] [main] o.a.c.c.C.[Tomcat].[localhost].[/]       : Initializing Spring embedded WebApplicationContext
2024-06-07T20:14:14.093+02:00  INFO 7647 --- [edu-planner] [main] w.s.c.ServletWebServerApplicationContext : Root WebApplicationContext: initialization completed in 539 ms
2024-06-07T20:14:14.110+02:00  INFO 7647 --- [edu-planner] [main] com.zaxxer.hikari.HikariDataSource       : HikariPool-1 - Starting...
2024-06-07T20:14:14.182+02:00  INFO 7647 --- [edu-planner] [main] com.zaxxer.hikari.pool.HikariPool        : HikariPool-1 - Added connection conn0: url=jdbc:h2:mem:testdb user=SA
2024-06-07T20:14:14.183+02:00  INFO 7647 --- [edu-planner] [main] com.zaxxer.hikari.HikariDataSource       : HikariPool-1 - Start completed.
2024-06-07T20:14:14.188+02:00  INFO 7647 --- [edu-planner] [main] o.s.b.a.h2.H2ConsoleAutoConfiguration    : H2 console available at '/h2-console'. Database available at 'jdbc:h2:mem:testdb'
2024-06-07T20:14:14.247+02:00  INFO 7647 --- [edu-planner] [main] o.hibernate.jpa.internal.util.LogHelper  : HHH000204: Processing PersistenceUnitInfo [name: default]
2024-06-07T20:14:14.266+02:00  INFO 7647 --- [edu-planner] [main] org.hibernate.Version                    : HHH000412: Hibernate ORM core version 6.5.2.Final
2024-06-07T20:14:14.285+02:00  INFO 7647 --- [edu-planner] [main] o.h.c.internal.RegionFactoryInitiator    : HHH000026: Second-level cache disabled
2024-06-07T20:14:14.399+02:00  INFO 7647 --- [edu-planner] [main] o.s.o.j.p.SpringPersistenceUnitInfo      : No LoadTimeWeaver setup: ignoring JPA class transformer
2024-06-07T20:14:14.416+02:00  WARN 7647 --- [edu-planner] [main] org.hibernate.orm.deprecation            : HHH90000025: H2Dialect does not need to be specified explicitly using 'hibernate.dialect' (remove the property setting and it will be selected by default)
2024-06-07T20:14:14.773+02:00  INFO 7647 --- [edu-planner] [main] o.h.e.t.j.p.i.JtaPlatformInitiator       : HHH000489: No JTA platform available (set 'hibernate.transaction.jta.platform' to enable JTA platform integration)
2024-06-07T20:14:14.798+02:00  INFO 7647 --- [edu-planner] [main] j.LocalContainerEntityManagerFactoryBean : Initialized JPA EntityManagerFactory for persistence unit 'default'
2024-06-07T20:14:14.905+02:00  WARN 7647 --- [edu-planner] [main] JpaBaseConfiguration$JpaWebConfiguration : spring.jpa.open-in-view is enabled by default. Therefore, database queries may be performed during view rendering. Explicitly configure spring.jpa.open-in-view to disable this warning
2024-06-07T20:14:15.042+02:00  WARN 7647 --- [edu-planner] [main] .s.s.UserDetailsServiceAutoConfiguration : 

Using generated security password: 98e14588-bac1-4a89-92f7-0a23e62413bc

This generated password is for development use only. Your security configuration must be updated before running your application in production.

2024-06-07T20:14:15.054+02:00  INFO 7647 --- [edu-planner] [main] r$InitializeUserDetailsManagerConfigurer : Global AuthenticationManager configured with UserDetailsService bean with name inMemoryUserDetailsManager
2024-06-07T20:14:15.089+02:00  INFO 7647 --- [edu-planner] [main] o.s.s.web.DefaultSecurityFilterChain     : Will secure any request with [org.springframework.security.web.session.DisableEncodeUrlFilter@2512155e, org.springframework.security.web.context.request.async.WebAsyncManagerIntegrationFilter@ef59aee, org.springframework.security.web.context.SecurityContextHolderFilter@5f7c1de0, org.springframework.security.web.header.HeaderWriterFilter@272485a6, org.springframework.web.filter.CorsFilter@779cb140, org.springframework.security.web.csrf.CsrfFilter@3d8b9dee, org.springframework.security.web.authentication.logout.LogoutFilter@52b7c1d9, org.springframework.security.web.authentication.UsernamePasswordAuthenticationFilter@45ecdd32, org.springframework.security.web.authentication.ui.DefaultLoginPageGeneratingFilter@1cb73a92, org.springframework.security.web.authentication.ui.DefaultLogoutPageGeneratingFilter@45a4587d, org.springframework.security.web.authentication.www.BasicAuthenticationFilter@38326fd5, org.springframework.security.web.savedrequest.RequestCacheAwareFilter@5cca5ff3, org.springframework.security.web.servletapi.SecurityContextHolderAwareRequestFilter@10664c3d, org.springframework.security.web.authentication.AnonymousAuthenticationFilter@70a91d72, org.springframework.security.web.access.ExceptionTranslationFilter@445c693, org.springframework.security.web.access.intercept.AuthorizationFilter@14091e24]
2024-06-07T20:14:15.119+02:00  INFO 7647 --- [edu-planner] [main] o.s.b.w.embedded.tomcat.TomcatWebServer  : Tomcat started on port 8080 (http) with context path '/'
2024-06-07T20:14:15.124+02:00  INFO 7647 --- [edu-planner] [main] c.edu.edu_planner.EduPlannerApplication  : Started EduPlannerApplication in 1.793 seconds (process running for 1.94)
2024-06-07T20:14:24.551+02:00  INFO 7647 --- [edu-planner] [http-nio-8080-exec-1] o.a.c.c.C.[Tomcat].[localhost].[/]       : Initializing Spring DispatcherServlet 'dispatcherServlet'
2024-06-07T20:14:24.551+02:00  INFO 7647 --- [edu-planner] [http-nio-8080-exec-1] o.s.web.servlet.DispatcherServlet        : Initializing Servlet 'dispatcherServlet'
2024-06-07T20:14:24.552+02:00  INFO 7647 --- [edu-planner] [http-nio-8080-exec-1] o.s.web.servlet.DispatcherServlet        : Completed initialization in 1 ms
